<?xml version="1.0" encoding="utf-8"?><testsuites name="pytest tests"><testsuite name="pytest" errors="0" failures="0" skipped="0" tests="12" time="13.285" timestamp="2026-03-23T01:04:34.352799+00:00" hostname="agent-env-42030381-8610-4a86-885e-2d0dee2fc5fb"><testcase classname="backend.tests.test_content_verification_iteration23.TestHealthEndpoints" name="test_health_endpoint" time="0.138" /><testcase classname="backend.tests.test_content_verification_iteration23.TestHealthEndpoints" name="test_api_health_endpoint" time="0.478" /><testcase classname="backend.tests.test_content_verification_iteration23.TestContentVerificationAPI" name="test_verify_check_returns_job_id" time="0.709" /><testcase classname="backend.tests.test_content_verification_iteration23.TestContentVerificationAPI" name="test_verify_check_requires_auth" time="0.146" /><testcase classname="backend.tests.test_content_verification_iteration23.TestContentVerificationAPI" name="test_verify_check_invalid_article" time="0.110" /><testcase classname="backend.tests.test_content_verification_iteration23.TestContentVerificationAPI" name="test_verify_status_invalid_job" time="0.108" /><testcase classname="backend.tests.test_content_verification_iteration23.TestContentVerificationAPI" name="test_verify_full_flow" time="10.805" /><testcase classname="backend.tests.test_content_verification_iteration23.TestContentVerificationAPI" name="test_verify_history" time="0.108" /><testcase classname="backend.tests.test_content_verification_iteration23.TestEnhancedSEOScorer" name="test_seo_score_has_enhanced_breakdown" time="0.268" /><testcase classname="backend.tests.test_content_verification_iteration23.TestRegressionPlagiarismChecker" name="test_plagiarism_check_endpoint_exists" time="0.112" /><testcase classname="backend.tests.test_content_verification_iteration23.TestRegressionAISuggestions" name="test_ai_suggestions_endpoint_exists" time="0.110" /><testcase classname="backend.tests.test_content_verification_iteration23.TestRegressionPerformanceDashboard" name="test_performance_dashboard_endpoint_exists" time="0.126" /></testsuite></testsuites>