<?xml version="1.0" encoding="utf-8"?><testsuites name="pytest tests"><testsuite name="pytest" errors="0" failures="0" skipped="0" tests="12" time="42.616" timestamp="2026-04-18T02:33:28.145831+00:00" hostname="agent-env-4286a0ff-8f84-4694-9898-7f8c1335e247"><testcase classname="backend.tests.test_quality_preset_iteration40.TestQualityPresetFeature" name="test_default_preset_is_premium" time="1.603" /><testcase classname="backend.tests.test_quality_preset_iteration40.TestQualityPresetFeature" name="test_draft_preset_accepted" time="0.504" /><testcase classname="backend.tests.test_quality_preset_iteration40.TestQualityPresetFeature" name="test_standard_preset_accepted" time="0.473" /><testcase classname="backend.tests.test_quality_preset_iteration40.TestQualityPresetFeature" name="test_premium_preset_accepted" time="0.478" /><testcase classname="backend.tests.test_quality_preset_iteration40.TestQualityPresetFeature" name="test_invalid_preset_still_accepted_with_default" time="0.454" /><testcase classname="backend.tests.test_quality_preset_iteration40.TestQualityPresetFeature" name="test_status_returns_quality_preset_during_optimization" time="11.219" /><testcase classname="backend.tests.test_quality_preset_iteration40.TestQualityPresetFeature" name="test_request_data_includes_quality_preset" time="0.466" /><testcase classname="backend.tests.test_quality_preset_iteration40.TestQualityPresetFeature" name="test_generate_requires_auth" time="0.473" /><testcase classname="backend.tests.test_quality_preset_iteration40.TestQualityPresetFeature" name="test_topic_required" time="0.498" /><testcase classname="backend.tests.test_quality_preset_iteration40.TestQualityPresetFeature" name="test_primary_keyword_required" time="0.507" /><testcase classname="backend.tests.test_quality_preset_iteration40.TestDraftPresetBehavior" name="test_draft_preset_skips_optimization" time="25.537" /><testcase classname="backend.tests.test_quality_preset_iteration40.TestPresetMaxIterations" name="test_preset_max_iter_mapping_exists" time="0.343" /></testsuite></testsuites>