<?xml version="1.0" encoding="utf-8"?><testsuites name="pytest tests"><testsuite name="pytest" errors="0" failures="0" skipped="0" tests="9" time="7.216" timestamp="2026-02-23T00:40:54.949106+00:00" hostname="agent-env-42030381-8610-4a86-885e-2d0dee2fc5fb"><testcase classname="tests.test_wordpress_import_fix.TestWordPressImportURLNormalization" name="test_import_wordpress_url_without_https" time="2.110" /><testcase classname="tests.test_wordpress_import_fix.TestWordPressImportURLNormalization" name="test_import_wordpress_url_with_https" time="0.807" /><testcase classname="tests.test_wordpress_import_fix.TestWordPressImportURLNormalization" name="test_import_wordpress_invalid_url_returns_meaningful_error" time="0.219" /><testcase classname="tests.test_wordpress_import_fix.TestWordPressPublishErrorHandling" name="test_publish_wordpress_returns_json_error" time="0.776" /><testcase classname="tests.test_wordpress_import_fix.TestWordPressPublishErrorHandling" name="test_publish_wordpress_not_502_status" time="0.815" /><testcase classname="tests.test_wordpress_import_fix.TestWordPressSettingsURLNormalization" name="test_save_wordpress_settings_normalizes_url" time="0.228" /><testcase classname="tests.test_wordpress_import_fix.TestURLImport" name="test_import_from_url_real_article" time="1.567" /><testcase classname="tests.test_wordpress_import_fix.TestHealthAndConnectivity" name="test_health_endpoint" time="0.206" /><testcase classname="tests.test_wordpress_import_fix.TestHealthAndConnectivity" name="test_auth_login_works" time="0.430" /></testsuite></testsuites>