<?xml version="1.0" encoding="utf-8"?><testsuites name="pytest tests"><testsuite name="pytest" errors="0" failures="0" skipped="0" tests="13" time="5.940" timestamp="2026-04-17T12:03:05.949543+00:00" hostname="agent-env-4286a0ff-8f84-4694-9898-7f8c1335e247"><testcase classname="backend.tests.test_smart_scheduling.TestSmartSchedulingInsights" name="test_insights_returns_200" time="0.666" /><testcase classname="backend.tests.test_smart_scheduling.TestSmartSchedulingInsights" name="test_insights_has_all_required_fields" time="0.129" /><testcase classname="backend.tests.test_smart_scheduling.TestSmartSchedulingInsights" name="test_needs_optimization_structure" time="0.134" /><testcase classname="backend.tests.test_smart_scheduling.TestSmartSchedulingInsights" name="test_ready_to_publish_structure" time="0.135" /><testcase classname="backend.tests.test_smart_scheduling.TestSmartSchedulingInsights" name="test_social_promotion_structure" time="0.121" /><testcase classname="backend.tests.test_smart_scheduling.TestSmartSchedulingInsights" name="test_best_publishing_time_structure" time="0.114" /><testcase classname="backend.tests.test_smart_scheduling.TestSmartSchedulingInsights" name="test_content_gaps_structure" time="0.126" /><testcase classname="backend.tests.test_smart_scheduling.TestSmartSchedulingInsights" name="test_trending_topics_structure" time="0.102" /><testcase classname="backend.tests.test_smart_scheduling.TestSmartSchedulingCache" name="test_first_call_not_cached" time="2.022" /><testcase classname="backend.tests.test_smart_scheduling.TestSmartSchedulingCache" name="test_second_call_cached" time="0.216" /><testcase classname="backend.tests.test_smart_scheduling.TestSmartSchedulingCache" name="test_refresh_bypasses_cache" time="1.820" /><testcase classname="backend.tests.test_smart_scheduling.TestSmartSchedulingAuth" name="test_unauthenticated_returns_401" time="0.138" /><testcase classname="backend.tests.test_smart_scheduling.TestSmartSchedulingAuth" name="test_invalid_token_returns_401" time="0.153" /></testsuite></testsuites>