<?xml version="1.0" encoding="utf-8"?><testsuites name="pytest tests"><testsuite name="pytest" errors="0" failures="0" skipped="0" tests="25" time="15.389" timestamp="2026-03-23T01:40:02.123976+00:00" hostname="agent-env-42030381-8610-4a86-885e-2d0dee2fc5fb"><testcase classname="backend.tests.test_new_features_iteration25.TestBulkOperations" name="test_categories_list_endpoint" time="0.602" /><testcase classname="backend.tests.test_new_features_iteration25.TestBulkOperations" name="test_bulk_category_requires_auth" time="0.106" /><testcase classname="backend.tests.test_new_features_iteration25.TestBulkOperations" name="test_bulk_category_assigns_category" time="0.456" /><testcase classname="backend.tests.test_new_features_iteration25.TestBulkOperations" name="test_bulk_delete_requires_auth" time="0.106" /><testcase classname="backend.tests.test_new_features_iteration25.TestBulkOperations" name="test_bulk_delete_with_empty_list" time="0.125" /><testcase classname="backend.tests.test_new_features_iteration25.TestBulkOperations" name="test_bulk_delete_with_nonexistent_ids" time="0.165" /><testcase classname="backend.tests.test_new_features_iteration25.TestVersionHistory" name="test_versions_list_requires_auth" time="0.141" /><testcase classname="backend.tests.test_new_features_iteration25.TestVersionHistory" name="test_versions_list_returns_versions" time="0.105" /><testcase classname="backend.tests.test_new_features_iteration25.TestVersionHistory" name="test_version_created_on_article_update" time="0.342" /><testcase classname="backend.tests.test_new_features_iteration25.TestVersionHistory" name="test_version_detail_endpoint" time="0.244" /><testcase classname="backend.tests.test_new_features_iteration25.TestVersionHistory" name="test_version_restore_endpoint" time="0.286" /><testcase classname="backend.tests.test_new_features_iteration25.TestVersionHistory" name="test_version_restore_nonexistent" time="0.108" /><testcase classname="backend.tests.test_new_features_iteration25.TestAutoMetaGeneration" name="test_auto_meta_requires_auth" time="0.120" /><testcase classname="backend.tests.test_new_features_iteration25.TestAutoMetaGeneration" name="test_auto_meta_returns_job_id" time="0.126" /><testcase classname="backend.tests.test_new_features_iteration25.TestAutoMetaGeneration" name="test_auto_meta_status_endpoint" time="4.493" /><testcase classname="backend.tests.test_new_features_iteration25.TestAutoMetaGeneration" name="test_auto_meta_status_nonexistent_job" time="0.109" /><testcase classname="backend.tests.test_new_features_iteration25.TestSmartSchedule" name="test_smart_schedule_requires_auth" time="0.126" /><testcase classname="backend.tests.test_new_features_iteration25.TestSmartSchedule" name="test_smart_schedule_returns_job_id" time="0.111" /><testcase classname="backend.tests.test_new_features_iteration25.TestSmartSchedule" name="test_smart_schedule_full_flow" time="6.661" /><testcase classname="backend.tests.test_new_features_iteration25.TestSmartSchedule" name="test_smart_schedule_status_nonexistent_job" time="0.113" /><testcase classname="backend.tests.test_new_features_iteration25.TestRegression" name="test_articles_list" time="0.203" /><testcase classname="backend.tests.test_new_features_iteration25.TestRegression" name="test_article_get" time="0.114" /><testcase classname="backend.tests.test_new_features_iteration25.TestRegression" name="test_article_update" time="0.114" /><testcase classname="backend.tests.test_new_features_iteration25.TestRegression" name="test_stats_endpoint" time="0.113" /><testcase classname="backend.tests.test_new_features_iteration25.TestRegression" name="test_health_endpoint" time="0.109" /></testsuite></testsuites>