<?xml version="1.0" encoding="utf-8"?><testsuites name="pytest tests"><testsuite name="pytest" errors="0" failures="0" skipped="0" tests="15" time="15.072" timestamp="2026-03-23T00:50:18.683225+00:00" hostname="agent-env-42030381-8610-4a86-885e-2d0dee2fc5fb"><testcase classname="backend.tests.test_new_features_iteration22.TestAuthSetup" name="test_admin_login" time="0.399" /><testcase classname="backend.tests.test_new_features_iteration22.TestPerformanceDashboard" name="test_performance_dashboard_admin_access" time="0.501" /><testcase classname="backend.tests.test_new_features_iteration22.TestPerformanceDashboard" name="test_performance_dashboard_no_auth" time="0.113" /><testcase classname="backend.tests.test_new_features_iteration22.TestPerformanceDashboard" name="test_performance_dashboard_articles_per_day" time="0.517" /><testcase classname="backend.tests.test_new_features_iteration22.TestAIArticleSuggestions" name="test_ai_suggestions_start_job" time="0.481" /><testcase classname="backend.tests.test_new_features_iteration22.TestAIArticleSuggestions" name="test_ai_suggestions_poll_status" time="7.049" /><testcase classname="backend.tests.test_new_features_iteration22.TestAIArticleSuggestions" name="test_ai_suggestions_no_auth" time="0.103" /><testcase classname="backend.tests.test_new_features_iteration22.TestAIArticleSuggestions" name="test_ai_suggestions_invalid_job_id" time="0.484" /><testcase classname="backend.tests.test_new_features_iteration22.TestPlagiarismChecker" name="test_plagiarism_check_start_job" time="0.758" /><testcase classname="backend.tests.test_new_features_iteration22.TestPlagiarismChecker" name="test_plagiarism_check_poll_status" time="2.904" /><testcase classname="backend.tests.test_new_features_iteration22.TestPlagiarismChecker" name="test_plagiarism_check_invalid_article" time="0.481" /><testcase classname="backend.tests.test_new_features_iteration22.TestPlagiarismChecker" name="test_plagiarism_check_no_auth" time="0.116" /><testcase classname="backend.tests.test_new_features_iteration22.TestPlagiarismChecker" name="test_plagiarism_status_invalid_job_id" time="0.498" /><testcase classname="backend.tests.test_new_features_iteration22.TestHealthEndpoints" name="test_health_endpoint" time="0.114" /><testcase classname="backend.tests.test_new_features_iteration22.TestHealthEndpoints" name="test_api_health_endpoint" time="0.469" /></testsuite></testsuites>