<?xml version="1.0" encoding="utf-8"?><testsuites name="pytest tests"><testsuite name="pytest" errors="0" failures="0" skipped="0" tests="15" time="29.087" timestamp="2026-02-21T19:58:02.045037+00:00" hostname="agent-env-a031a4b8-b60d-4f46-bab2-b9105030aace"><testcase classname="backend.tests.test_new_wow_features.TestHealthCheck" name="test_api_health" time="0.355" /><testcase classname="backend.tests.test_new_wow_features.TestKeywordAnalytics" name="test_analyze_requires_auth" time="0.116" /><testcase classname="backend.tests.test_new_wow_features.TestKeywordAnalytics" name="test_analyze_returns_job_id" time="0.515" /><testcase classname="backend.tests.test_new_wow_features.TestKeywordAnalytics" name="test_analyze_status_polling" time="10.945" /><testcase classname="backend.tests.test_new_wow_features.TestKeywordAnalytics" name="test_history_endpoint" time="0.148" /><testcase classname="backend.tests.test_new_wow_features.TestAIRewriter" name="test_rewrite_requires_auth" time="0.105" /><testcase classname="backend.tests.test_new_wow_features.TestAIRewriter" name="test_rewrite_returns_job_id" time="0.115" /><testcase classname="backend.tests.test_new_wow_features.TestAIRewriter" name="test_rewrite_status_polling" time="8.675" /><testcase classname="backend.tests.test_new_wow_features.TestAIRewriter" name="test_rewrite_invalid_job_id" time="0.149" /><testcase classname="backend.tests.test_new_wow_features.TestNewsletterGenerator" name="test_generate_requires_auth" time="0.140" /><testcase classname="backend.tests.test_new_wow_features.TestNewsletterGenerator" name="test_generate_newsletter_success" time="7.124" /><testcase classname="backend.tests.test_new_wow_features.TestNewsletterGenerator" name="test_list_newsletters" time="0.131" /><testcase classname="backend.tests.test_new_wow_features.TestNewsletterGenerator" name="test_get_newsletter_by_id" time="0.211" /><testcase classname="backend.tests.test_new_wow_features.TestNewsletterGenerator" name="test_get_newsletter_invalid_id" time="0.115" /><testcase classname="backend.tests.test_new_wow_features.TestSidebarNavigation" name="test_articles_endpoint_accessible" time="0.174" /></testsuite></testsuites>