<?xml version="1.0" encoding="utf-8"?><testsuites name="pytest tests"><testsuite name="pytest" errors="0" failures="0" skipped="0" tests="13" time="75.606" timestamp="2026-04-02T11:19:35.828302+00:00" hostname="agent-env-42030381-8610-4a86-885e-2d0dee2fc5fb"><testcase classname="tests.test_image_wp_iteration33.TestAuth" name="test_login_success" time="0.510" /><testcase classname="tests.test_image_wp_iteration33.TestImageGenerationDatetimeFix" name="test_single_image_generation_start" time="0.467" /><testcase classname="tests.test_image_wp_iteration33.TestImageGenerationDatetimeFix" name="test_single_image_generation_status_polling" time="21.971" /><testcase classname="tests.test_image_wp_iteration33.TestImageGenerationDatetimeFix" name="test_status_invalid_job_id" time="0.102" /><testcase classname="tests.test_image_wp_iteration33.TestBatchImageGeneration" name="test_batch_generation_start" time="0.454" /><testcase classname="tests.test_image_wp_iteration33.TestBatchImageGeneration" name="test_batch_generation_status_polling" time="40.797" /><testcase classname="tests.test_image_wp_iteration33.TestBatchImageGeneration" name="test_batch_invalid_num_variants" time="0.096" /><testcase classname="tests.test_image_wp_iteration33.TestWordPressPreview" name="test_wordpress_export_format" time="0.680" /><testcase classname="tests.test_image_wp_iteration33.TestWordPressPreview" name="test_wordpress_export_contains_styling" time="0.101" /><testcase classname="tests.test_image_wp_iteration33.TestWordPressPreview" name="test_export_invalid_format" time="0.125" /><testcase classname="tests.test_image_wp_iteration33.TestMetaRegeneration" name="test_regenerate_meta_section" time="1.808" /><testcase classname="tests.test_image_wp_iteration33.TestMetaRegeneration" name="test_regenerate_faq_section" time="8.288" /><testcase classname="tests.test_image_wp_iteration33.TestMetaRegeneration" name="test_regenerate_invalid_section" time="0.133" /></testsuite></testsuites>