<?xml version="1.0" encoding="utf-8"?><testsuites name="pytest tests"><testsuite name="pytest" errors="0" failures="0" skipped="0" tests="12" time="6.963" timestamp="2026-02-19T08:32:29.590335+00:00" hostname="agent-env-93f9be6d-ae77-4603-bb81-c8b459cb13ea"><testcase classname="backend.tests.test_tpay_subscription.TestHealthAndPlans" name="test_health_endpoint" time="0.218" /><testcase classname="backend.tests.test_tpay_subscription.TestHealthAndPlans" name="test_subscription_plans" time="0.121" /><testcase classname="backend.tests.test_tpay_subscription.TestAuthentication" name="test_admin_login" time="0.362" /><testcase classname="backend.tests.test_tpay_subscription.TestAuthentication" name="test_invalid_login" time="0.133" /><testcase classname="backend.tests.test_tpay_subscription.TestAuthentication" name="test_auth_me_with_token" time="0.470" /><testcase classname="backend.tests.test_tpay_subscription.TestSubscriptionCheckout" name="test_checkout_monthly_plan" time="1.669" /><testcase classname="backend.tests.test_tpay_subscription.TestSubscriptionCheckout" name="test_checkout_semiannual_plan" time="1.117" /><testcase classname="backend.tests.test_tpay_subscription.TestSubscriptionCheckout" name="test_checkout_annual_plan" time="1.317" /><testcase classname="backend.tests.test_tpay_subscription.TestSubscriptionCheckout" name="test_checkout_invalid_plan" time="0.470" /><testcase classname="backend.tests.test_tpay_subscription.TestSubscriptionCheckout" name="test_checkout_without_auth" time="0.094" /><testcase classname="backend.tests.test_tpay_subscription.TestSubscriptionStatus" name="test_subscription_status" time="0.432" /><testcase classname="backend.tests.test_tpay_subscription.TestArticles" name="test_list_articles" time="0.458" /></testsuite></testsuites>