<?xml version="1.0" encoding="utf-8"?><testsuites name="pytest tests"><testsuite name="pytest" errors="0" failures="0" skipped="0" tests="18" time="56.164" timestamp="2026-03-23T03:17:05.765241+00:00" hostname="agent-env-42030381-8610-4a86-885e-2d0dee2fc5fb"><testcase classname="backend.tests.test_p0_fallback_fix_iteration27.TestHealthCheck" name="test_health_endpoint_returns_healthy" time="0.276" /><testcase classname="backend.tests.test_p0_fallback_fix_iteration27.TestAuthentication" name="test_login_success" time="0.379" /><testcase classname="backend.tests.test_p0_fallback_fix_iteration27.TestAuthentication" name="test_login_invalid_credentials" time="0.118" /><testcase classname="backend.tests.test_p0_fallback_fix_iteration27.TestArticleGeneration" name="test_generate_article_returns_job_id" time="0.527" /><testcase classname="backend.tests.test_p0_fallback_fix_iteration27.TestArticleGeneration" name="test_generation_status_endpoint" time="0.284" /><testcase classname="backend.tests.test_p0_fallback_fix_iteration27.TestArticleGeneration" name="test_generation_status_nonexistent_job" time="0.115" /><testcase classname="backend.tests.test_p0_fallback_fix_iteration27.TestArticleGeneration" name="test_generation_requires_auth" time="0.141" /><testcase classname="backend.tests.test_p0_fallback_fix_iteration27.TestArticleRetrieval" name="test_list_articles" time="0.192" /><testcase classname="backend.tests.test_p0_fallback_fix_iteration27.TestArticleRetrieval" name="test_get_known_article" time="0.143" /><testcase classname="backend.tests.test_p0_fallback_fix_iteration27.TestArticleRetrieval" name="test_get_nonexistent_article" time="0.118" /><testcase classname="backend.tests.test_p0_fallback_fix_iteration27.TestTopicSuggestions" name="test_suggest_topics_returns_10_topics" time="23.132" /><testcase classname="backend.tests.test_p0_fallback_fix_iteration27.TestTopicSuggestions" name="test_suggest_topics_default_params" time="19.289" /><testcase classname="backend.tests.test_p0_fallback_fix_iteration27.TestRegressionEndpoints" name="test_root_endpoint" time="0.168" /><testcase classname="backend.tests.test_p0_fallback_fix_iteration27.TestRegressionEndpoints" name="test_templates_endpoint" time="0.101" /><testcase classname="backend.tests.test_p0_fallback_fix_iteration27.TestRegressionEndpoints" name="test_image_styles_endpoint" time="0.145" /><testcase classname="backend.tests.test_p0_fallback_fix_iteration27.TestRegressionEndpoints" name="test_stats_requires_auth" time="0.100" /><testcase classname="backend.tests.test_p0_fallback_fix_iteration27.TestRegressionEndpoints" name="test_stats_with_auth" time="0.111" /><testcase classname="backend.tests.test_p0_fallback_fix_iteration27.TestGenerationJobPolling" name="test_full_generation_flow_quick_check" time="10.751" /></testsuite></testsuites>