<?xml version="1.0" encoding="utf-8"?><testsuites name="pytest tests"><testsuite name="pytest" errors="0" failures="0" skipped="0" tests="14" time="28.752" timestamp="2026-03-23T01:58:23.416270+00:00" hostname="agent-env-42030381-8610-4a86-885e-2d0dee2fc5fb"><testcase classname="backend.tests.test_social_posts_iteration26.TestSocialPostsAPI" name="test_social_posts_requires_auth" time="0.133" /><testcase classname="backend.tests.test_social_posts_iteration26.TestSocialPostsAPI" name="test_social_posts_returns_job_id" time="0.752" /><testcase classname="backend.tests.test_social_posts_iteration26.TestSocialPostsAPI" name="test_social_posts_status_not_found" time="0.132" /><testcase classname="backend.tests.test_social_posts_iteration26.TestSocialPostsAPI" name="test_social_posts_full_flow" time="26.376" /><testcase classname="backend.tests.test_social_posts_iteration26.TestRegressionDashboard" name="test_articles_list" time="0.189" /><testcase classname="backend.tests.test_social_posts_iteration26.TestRegressionDashboard" name="test_bulk_delete_endpoint_exists" time="0.109" /><testcase classname="backend.tests.test_social_posts_iteration26.TestRegressionDashboard" name="test_bulk_category_endpoint_exists" time="0.188" /><testcase classname="backend.tests.test_social_posts_iteration26.TestRegressionDashboard" name="test_categories_list" time="0.130" /><testcase classname="backend.tests.test_social_posts_iteration26.TestRegressionEditorTabs" name="test_seo_assistant_endpoint" time="0.112" /><testcase classname="backend.tests.test_social_posts_iteration26.TestRegressionEditorTabs" name="test_auto_meta_endpoint" time="0.106" /><testcase classname="backend.tests.test_social_posts_iteration26.TestRegressionEditorTabs" name="test_smart_schedule_endpoint" time="0.124" /><testcase classname="backend.tests.test_social_posts_iteration26.TestRegressionEditorTabs" name="test_versions_endpoint" time="0.113" /><testcase classname="backend.tests.test_social_posts_iteration26.TestRegressionEditorTabs" name="test_competition_endpoint" time="0.130" /><testcase classname="backend.tests.test_social_posts_iteration26.TestRegressionEditorTabs" name="test_health_endpoint" time="0.101" /></testsuite></testsuites>