<?xml version="1.0" encoding="utf-8"?><testsuites name="pytest tests"><testsuite name="pytest" errors="0" failures="0" skipped="0" tests="16" time="100.183" timestamp="2026-04-17T10:48:44.715633+00:00" hostname="agent-env-4286a0ff-8f84-4694-9898-7f8c1335e247"><testcase classname="backend.tests.test_iteration36_features.TestROIDashboard" name="test_roi_stats_endpoint_returns_200" time="0.504" /><testcase classname="backend.tests.test_iteration36_features.TestROIDashboard" name="test_roi_stats_has_required_fields" time="0.119" /><testcase classname="backend.tests.test_iteration36_features.TestROIDashboard" name="test_roi_stats_status_counts_structure" time="0.114" /><testcase classname="backend.tests.test_iteration36_features.TestROIDashboard" name="test_roi_stats_score_buckets_structure" time="0.164" /><testcase classname="backend.tests.test_iteration36_features.TestROIDashboard" name="test_roi_stats_performers_are_lists" time="0.106" /><testcase classname="backend.tests.test_iteration36_features.TestROIDashboard" name="test_roi_stats_language_distribution" time="0.115" /><testcase classname="backend.tests.test_iteration36_features.TestMultiLanguageGeneration" name="test_generate_request_accepts_language_param" time="0.109" /><testcase classname="backend.tests.test_iteration36_features.TestMultiLanguageGeneration" name="test_generate_request_accepts_german" time="0.114" /><testcase classname="backend.tests.test_iteration36_features.TestMultiLanguageGeneration" name="test_generate_request_accepts_ukrainian" time="0.106" /><testcase classname="backend.tests.test_iteration36_features.TestVersionSourceTagging" name="test_versions_endpoint_returns_source_field" time="0.369" /><testcase classname="backend.tests.test_iteration36_features.TestVersionSourceTagging" name="test_manual_edit_creates_version_with_source" time="0.375" /><testcase classname="backend.tests.test_iteration36_features.TestImageGalleryThumbnails" name="test_article_images_returns_data_field" time="0.124" /><testcase classname="backend.tests.test_iteration36_features.TestImageGalleryThumbnails" name="test_library_images_returns_data_field" time="0.352" /><testcase classname="backend.tests.test_iteration36_features.TestAutoOptimizeContentQuality" name="test_auto_optimize_starts_job" time="0.099" /><testcase classname="backend.tests.test_iteration36_features.TestAutoOptimizeContentQuality" name="test_auto_optimize_content_not_placeholder" time="97.124" /><testcase classname="backend.tests.test_iteration36_features.TestApplyOptimizationVersionSource" name="test_apply_optimization_creates_auto_optimize_version" time="0.217" /></testsuite></testsuites>