<?xml version="1.0" encoding="utf-8"?><testsuites name="pytest tests"><testsuite name="pytest" errors="0" failures="0" skipped="0" tests="6" time="199.947" timestamp="2026-04-18T03:00:00.487793+00:00" hostname="agent-env-4286a0ff-8f84-4694-9898-7f8c1335e247"><testcase classname="backend.tests.test_auto_preset_iteration41.TestAutoPresetResolution" name="test_auto_preset_short_length_resolves_to_draft" time="30.366" /><testcase classname="backend.tests.test_auto_preset_iteration41.TestAutoPresetResolution" name="test_auto_preset_long_length_resolves_to_premium" time="38.744" /><testcase classname="backend.tests.test_auto_preset_iteration41.TestAutoPresetResolution" name="test_auto_preset_medium_length_resolves_to_standard" time="64.256" /><testcase classname="backend.tests.test_auto_preset_iteration41.TestAutoPresetResolution" name="test_auto_preset_pillar_page_resolves_to_premium" time="21.778" /><testcase classname="backend.tests.test_auto_preset_iteration41.TestStatusEndpointResolvedPreset" name="test_status_returns_resolved_preset_and_reason" time="44.303" /><testcase classname="backend.tests.test_auto_preset_iteration41.TestAutoPresetAccepted" name="test_auto_preset_accepted" time="0.450" /></testsuite></testsuites>