<?xml version="1.0" encoding="utf-8"?><testsuites name="pytest tests"><testsuite name="pytest" errors="0" failures="0" skipped="0" tests="10" time="53.774" timestamp="2026-04-02T12:33:06.636968+00:00" hostname="agent-env-42030381-8610-4a86-885e-2d0dee2fc5fb"><testcase classname="tests.test_bug_fixes_iteration35.TestBasicSEOScoreEndpoint" name="test_score_endpoint_returns_200_with_keyword" time="0.805" /><testcase classname="tests.test_bug_fixes_iteration35.TestBasicSEOScoreEndpoint" name="test_score_endpoint_returns_percentage_and_breakdown" time="0.107" /><testcase classname="tests.test_bug_fixes_iteration35.TestBasicSEOScoreEndpoint" name="test_score_endpoint_404_for_invalid_article" time="0.137" /><testcase classname="tests.test_bug_fixes_iteration35.TestAutoOptimizeMultiStep" name="test_auto_optimize_requires_surfer_data" time="0.111" /><testcase classname="tests.test_bug_fixes_iteration35.TestAutoOptimizeMultiStep" name="test_auto_optimize_starts_job" time="0.263" /><testcase classname="tests.test_bug_fixes_iteration35.TestAutoOptimizeMultiStep" name="test_auto_optimize_job_status_polling" time="51.523" /><testcase classname="tests.test_bug_fixes_iteration35.TestAutoOptimizeMultiStep" name="test_auto_optimize_apply_changes" time="0.110" /><testcase classname="tests.test_bug_fixes_iteration35.TestAutoOptimizeMultiStep" name="test_auto_optimize_apply_saves_version" time="0.330" /><testcase classname="tests.test_bug_fixes_iteration35.TestSurferScoreEndpoint" name="test_surfer_score_endpoint_works" time="0.218" /><testcase classname="tests.test_bug_fixes_iteration35.TestSEOReportPDF" name="test_seo_report_returns_pdf" time="0.116" /></testsuite></testsuites>