<?xml version="1.0" encoding="utf-8"?><testsuites name="pytest tests"><testsuite name="pytest" errors="0" failures="1" skipped="0" tests="17" time="61.377" timestamp="2026-04-02T11:00:54.564234+00:00" hostname="agent-env-42030381-8610-4a86-885e-2d0dee2fc5fb"><testcase classname="backend.tests.test_surfer_meta_iteration32.TestAuth" name="test_login_success" time="0.489" /><testcase classname="backend.tests.test_surfer_meta_iteration32.TestSurferSEOAsync" name="test_surfer_analyze_serp_async_returns_job_id" time="0.453" /><testcase classname="backend.tests.test_surfer_meta_iteration32.TestSurferSEOAsync" name="test_surfer_analyze_serp_async_completes" time="15.692" /><testcase classname="backend.tests.test_surfer_meta_iteration32.TestSurferSEOAsync" name="test_surfer_analyze_serp_status_invalid_job" time="0.107" /><testcase classname="backend.tests.test_surfer_meta_iteration32.TestSurferSEOAsync" name="test_surfer_analyze_serp_requires_keyword" time="0.123" /><testcase classname="backend.tests.test_surfer_meta_iteration32.TestSurferScore" name="test_surfer_score_returns_metrics" time="0.674" /><testcase classname="backend.tests.test_surfer_meta_iteration32.TestMetaRegeneration" name="test_regenerate_meta_returns_title_and_description" time="1.814" /><testcase classname="backend.tests.test_surfer_meta_iteration32.TestMetaRegeneration" name="test_regenerate_faq_returns_faq_array" time="9.198" /><testcase classname="backend.tests.test_surfer_meta_iteration32.TestMetaRegeneration" name="test_regenerate_invalid_section_returns_error" time="0.122"><failure message="AssertionError: Expected 400, got 500&#10;assert 500 == 400&#10; +  where 500 = &lt;Response [500]&gt;.status_code">backend/tests/test_surfer_meta_iteration32.py:275: in test_regenerate_invalid_section_returns_error
    assert response.status_code == 400, f"Expected 400, got {response.status_code}"
E   AssertionError: Expected 400, got 500
E   assert 500 == 400
E    +  where 500 = &lt;Response [500]&gt;.status_code</failure></testcase><testcase classname="backend.tests.test_surfer_meta_iteration32.TestAutoMeta" name="test_auto_meta_returns_job_id" time="0.655" /><testcase classname="backend.tests.test_surfer_meta_iteration32.TestAutoMeta" name="test_auto_meta_completes_with_results" time="6.346" /><testcase classname="backend.tests.test_surfer_meta_iteration32.TestKeywordResearch" name="test_keyword_research_returns_main_keyword_and_keywords" time="9.518" /><testcase classname="backend.tests.test_surfer_meta_iteration32.TestKeywordResearch" name="test_keyword_research_requires_seed_keyword" time="0.116" /><testcase classname="backend.tests.test_surfer_meta_iteration32.TestURLAudit" name="test_audit_url_returns_score_and_issues" time="9.981" /><testcase classname="backend.tests.test_surfer_meta_iteration32.TestURLAudit" name="test_audit_url_requires_url" time="0.144" /><testcase classname="backend.tests.test_surfer_meta_iteration32.TestContentPlanner" name="test_content_planner_returns_clusters" time="5.725" /><testcase classname="backend.tests.test_surfer_meta_iteration32.TestContentPlanner" name="test_content_planner_requires_keywords" time="0.120" /></testsuite></testsuites>