<?xml version="1.0" encoding="utf-8"?><testsuites name="pytest tests"><testsuite name="pytest" errors="0" failures="0" skipped="0" tests="14" time="71.282" timestamp="2026-02-21T12:37:08.525720+00:00" hostname="agent-env-93f9be6d-ae77-4603-bb81-c8b459cb13ea"><testcase classname="backend.tests.test_phase2_features.TestAuthFlow" name="test_login_success" time="0.532" /><testcase classname="backend.tests.test_phase2_features.TestSEOAudit" name="test_seo_audit_without_auth" time="0.096" /><testcase classname="backend.tests.test_phase2_features.TestSEOAudit" name="test_seo_audit_basic" time="19.085" /><testcase classname="backend.tests.test_phase2_features.TestSEOAudit" name="test_seo_audit_history" time="0.515" /><testcase classname="backend.tests.test_phase2_features.TestAutoUpdate" name="test_check_updates_without_auth" time="0.134" /><testcase classname="backend.tests.test_phase2_features.TestAutoUpdate" name="test_check_updates" time="48.244" /><testcase classname="backend.tests.test_phase2_features.TestCompetitionAnalysis" name="test_competition_analysis_without_auth" time="0.234" /><testcase classname="backend.tests.test_phase2_features.TestExistingFeatures" name="test_health_check" time="0.110" /><testcase classname="backend.tests.test_phase2_features.TestExistingFeatures" name="test_get_articles" time="0.489" /><testcase classname="backend.tests.test_phase2_features.TestExistingFeatures" name="test_get_stats" time="0.465" /><testcase classname="backend.tests.test_phase2_features.TestExistingFeatures" name="test_get_subscription_plans" time="0.108" /><testcase classname="backend.tests.test_phase2_features.TestExistingFeatures" name="test_get_templates" time="0.103" /><testcase classname="backend.tests.test_phase2_features.TestExistingFeatures" name="test_get_image_styles" time="0.106" /><testcase classname="backend.tests.test_phase2_features.TestImageGenerator" name="test_image_library" time="1.011" /></testsuite></testsuites>