<?xml version="1.0" encoding="utf-8"?><testsuites name="pytest tests"><testsuite name="pytest" errors="0" failures="0" skipped="0" tests="10" time="9.165" timestamp="2026-02-23T01:08:40.162881+00:00" hostname="agent-env-42030381-8610-4a86-885e-2d0dee2fc5fb"><testcase classname="backend.tests.test_wordpress_subdirectory_discovery.TestWordPressSubdirectoryDiscovery" name="test_import_wordpress_with_subdirectory_path" time="2.934" /><testcase classname="backend.tests.test_wordpress_subdirectory_discovery.TestWordPressSubdirectoryDiscovery" name="test_import_wordpress_with_www_prefix" time="1.092" /><testcase classname="backend.tests.test_wordpress_subdirectory_discovery.TestWordPressSubdirectoryDiscovery" name="test_import_wordpress_root_domain_no_path" time="0.886" /><testcase classname="backend.tests.test_wordpress_subdirectory_discovery.TestWordPressPublishWithSubdirectoryURL" name="test_setup_wordpress_settings_with_subdirectory" time="0.322" /><testcase classname="backend.tests.test_wordpress_subdirectory_discovery.TestWordPressPublishWithSubdirectoryURL" name="test_publish_wordpress_discovers_api_returns_json_error" time="2.696" /><testcase classname="backend.tests.test_wordpress_subdirectory_discovery.TestWordPressSettingsNormalization" name="test_settings_preserve_subdirectory_path" time="0.232" /><testcase classname="backend.tests.test_wordpress_subdirectory_discovery.TestWordPressSettingsNormalization" name="test_settings_normalize_url_without_https" time="0.227" /><testcase classname="backend.tests.test_wordpress_subdirectory_discovery.TestErrorResponseFormat" name="test_invalid_url_returns_json_error" time="0.188" /><testcase classname="backend.tests.test_wordpress_subdirectory_discovery.TestHealthAndAuth" name="test_health_endpoint" time="0.179" /><testcase classname="backend.tests.test_wordpress_subdirectory_discovery.TestHealthAndAuth" name="test_auth_login" time="0.346" /></testsuite></testsuites>