<?xml version="1.0" encoding="utf-8"?><testsuites name="pytest tests"><testsuite name="pytest" errors="0" failures="0" skipped="2" tests="16" time="3.503" timestamp="2026-02-21T21:03:50.793087+00:00" hostname="agent-env-42030381-8610-4a86-885e-2d0dee2fc5fb"><testcase classname="backend.tests.test_wordpress_styled_export.TestWordPressStyledExport" name="test_export_wordpress_format_returns_styled_html" time="0.634" /><testcase classname="backend.tests.test_wordpress_styled_export.TestWordPressStyledExport" name="test_styled_html_includes_google_fonts_import" time="0.126" /><testcase classname="backend.tests.test_wordpress_styled_export.TestWordPressStyledExport" name="test_styled_html_h2_inline_styles" time="0.110" /><testcase classname="backend.tests.test_wordpress_styled_export.TestWordPressStyledExport" name="test_styled_html_h3_inline_styles" time="0.127" /><testcase classname="backend.tests.test_wordpress_styled_export.TestWordPressStyledExport" name="test_styled_html_paragraph_inline_styles" time="0.112" /><testcase classname="backend.tests.test_wordpress_styled_export.TestWordPressStyledExport" name="test_styled_html_toc_section_styling" time="0.157" /><testcase classname="backend.tests.test_wordpress_styled_export.TestWordPressStyledExport" name="test_styled_html_faq_section_with_schema_markup" time="0.186" /><testcase classname="backend.tests.test_wordpress_styled_export.TestWordPressStyledExport" name="test_styled_html_sources_section_border_top" time="0.116" /><testcase classname="backend.tests.test_wordpress_styled_export.TestWordPressStyledExport" name="test_styled_html_container_wrapper_max_width" time="0.220" /><testcase classname="backend.tests.test_wordpress_styled_export.TestExistingExportFormats" name="test_export_html_format_still_works" time="0.136"><skipped type="pytest.skip" message="Cloudflare error 520">/app/backend/tests/test_wordpress_styled_export.py:249: Cloudflare error 520</skipped></testcase><testcase classname="backend.tests.test_wordpress_styled_export.TestExistingExportFormats" name="test_export_facebook_format_still_works" time="0.110" /><testcase classname="backend.tests.test_wordpress_styled_export.TestExistingExportFormats" name="test_export_google_business_format_still_works" time="0.169" /><testcase classname="backend.tests.test_wordpress_styled_export.TestExistingExportFormats" name="test_export_pdf_format_still_works" time="0.225" /><testcase classname="backend.tests.test_wordpress_styled_export.TestExistingExportFormats" name="test_export_unknown_format_returns_400" time="0.114" /><testcase classname="backend.tests.test_wordpress_styled_export.TestWordPressPublishEndpoint" name="test_publish_wordpress_requires_wp_config" time="0.772"><skipped type="pytest.skip" message="Cloudflare error 521">/app/backend/tests/test_wordpress_styled_export.py:347: Cloudflare error 521</skipped></testcase><testcase classname="backend.tests.test_wordpress_styled_export.TestArticleData" name="test_article_has_sections" time="0.107" /></testsuite></testsuites>