<?xml version="1.0" encoding="utf-8"?><testsuites name="pytest tests"><testsuite name="pytest" errors="0" failures="0" skipped="0" tests="29" time="20.001" timestamp="2026-04-02T09:11:47.434960+00:00" hostname="agent-env-42030381-8610-4a86-885e-2d0dee2fc5fb"><testcase classname="backend.tests.test_social_notifications_competition.TestSocialScheduling" name="test_schedule_post_success" time="0.614" /><testcase classname="backend.tests.test_social_notifications_competition.TestSocialScheduling" name="test_schedule_post_missing_platform" time="0.097" /><testcase classname="backend.tests.test_social_notifications_competition.TestSocialScheduling" name="test_schedule_post_missing_text" time="0.097" /><testcase classname="backend.tests.test_social_notifications_competition.TestSocialScheduling" name="test_schedule_post_missing_scheduled_at" time="0.124" /><testcase classname="backend.tests.test_social_notifications_competition.TestSocialScheduling" name="test_schedule_post_unauthorized" time="0.130" /><testcase classname="backend.tests.test_social_notifications_competition.TestSocialScheduling" name="test_list_scheduled_posts" time="0.120" /><testcase classname="backend.tests.test_social_notifications_competition.TestSocialScheduling" name="test_list_scheduled_posts_unauthorized" time="0.093" /><testcase classname="backend.tests.test_social_notifications_competition.TestSocialScheduling" name="test_mark_post_published" time="0.310" /><testcase classname="backend.tests.test_social_notifications_competition.TestSocialScheduling" name="test_delete_scheduled_post" time="0.318" /><testcase classname="backend.tests.test_social_notifications_competition.TestSocialScheduling" name="test_delete_nonexistent_post" time="0.100" /><testcase classname="backend.tests.test_social_notifications_competition.TestNotifications" name="test_get_notification_settings" time="0.101" /><testcase classname="backend.tests.test_social_notifications_competition.TestNotifications" name="test_get_notification_settings_unauthorized" time="0.112" /><testcase classname="backend.tests.test_social_notifications_competition.TestNotifications" name="test_update_notification_settings" time="0.095" /><testcase classname="backend.tests.test_social_notifications_competition.TestNotifications" name="test_update_notification_settings_partial" time="0.091" /><testcase classname="backend.tests.test_social_notifications_competition.TestNotifications" name="test_check_updates" time="0.101" /><testcase classname="backend.tests.test_social_notifications_competition.TestNotifications" name="test_check_updates_unauthorized" time="0.090" /><testcase classname="backend.tests.test_social_notifications_competition.TestNotifications" name="test_send_test_notification" time="0.104" /><testcase classname="backend.tests.test_social_notifications_competition.TestNotifications" name="test_send_test_notification_unauthorized" time="0.104" /><testcase classname="backend.tests.test_social_notifications_competition.TestNotifications" name="test_get_notification_history" time="0.101" /><testcase classname="backend.tests.test_social_notifications_competition.TestNotifications" name="test_get_notification_history_unauthorized" time="0.090" /><testcase classname="backend.tests.test_social_notifications_competition.TestCompetitionMonitoring" name="test_add_competition_monitor" time="7.495" /><testcase classname="backend.tests.test_social_notifications_competition.TestCompetitionMonitoring" name="test_add_competition_monitor_missing_keyword" time="0.123" /><testcase classname="backend.tests.test_social_notifications_competition.TestCompetitionMonitoring" name="test_add_competition_monitor_empty_keyword" time="0.115" /><testcase classname="backend.tests.test_social_notifications_competition.TestCompetitionMonitoring" name="test_add_competition_monitor_unauthorized" time="0.089" /><testcase classname="backend.tests.test_social_notifications_competition.TestCompetitionMonitoring" name="test_list_competition_monitors" time="0.095" /><testcase classname="backend.tests.test_social_notifications_competition.TestCompetitionMonitoring" name="test_list_competition_monitors_unauthorized" time="0.095" /><testcase classname="backend.tests.test_social_notifications_competition.TestCompetitionMonitoring" name="test_delete_competition_monitor" time="8.271" /><testcase classname="backend.tests.test_social_notifications_competition.TestCompetitionMonitoring" name="test_delete_nonexistent_monitor" time="0.114" /><testcase classname="backend.tests.test_social_notifications_competition.TestCompetitionMonitoring" name="test_delete_monitor_unauthorized" time="0.528" /></testsuite></testsuites>