<?xml version="1.0" encoding="utf-8"?><testsuites name="pytest tests"><testsuite name="pytest" errors="0" failures="1" skipped="0" tests="38" time="15.905" timestamp="2026-04-02T10:32:03.428446+00:00" hostname="agent-env-42030381-8610-4a86-885e-2d0dee2fc5fb"><testcase classname="tests.test_regression_iteration31.TestHealthAndAuth" name="test_health_check" time="0.245" /><testcase classname="tests.test_regression_iteration31.TestHealthAndAuth" name="test_login_success" time="0.358" /><testcase classname="tests.test_regression_iteration31.TestHealthAndAuth" name="test_login_invalid_credentials" time="0.097" /><testcase classname="tests.test_regression_iteration31.TestHealthAndAuth" name="test_get_me_without_auth" time="0.099" /><testcase classname="tests.test_regression_iteration31.TestAuthenticatedEndpoints" name="test_get_me" time="0.373" /><testcase classname="tests.test_regression_iteration31.TestAuthenticatedEndpoints" name="test_list_articles" time="0.555" /><testcase classname="tests.test_regression_iteration31.TestAuthenticatedEndpoints" name="test_get_stats" time="0.411" /><testcase classname="tests.test_regression_iteration31.TestAuthenticatedEndpoints" name="test_list_templates" time="0.384" /><testcase classname="tests.test_regression_iteration31.TestAuthenticatedEndpoints" name="test_list_image_styles" time="0.383" /><testcase classname="tests.test_regression_iteration31.TestSocialMediaScheduling" name="test_list_scheduled_posts" time="0.386" /><testcase classname="tests.test_regression_iteration31.TestSocialMediaScheduling" name="test_schedule_post_validation" time="0.449" /><testcase classname="tests.test_regression_iteration31.TestSocialMediaScheduling" name="test_schedule_post_success" time="0.450" /><testcase classname="tests.test_regression_iteration31.TestNotifications" name="test_get_notification_settings" time="0.391" /><testcase classname="tests.test_regression_iteration31.TestNotifications" name="test_check_updates" time="0.383" /><testcase classname="tests.test_regression_iteration31.TestNotifications" name="test_notification_settings_without_auth" time="0.445" /><testcase classname="tests.test_regression_iteration31.TestCompetitionMonitoring" name="test_list_monitors" time="0.368" /><testcase classname="tests.test_regression_iteration31.TestCompetitionMonitoring" name="test_add_monitor_validation" time="0.372" /><testcase classname="tests.test_regression_iteration31.TestCompetitionMonitoring" name="test_monitors_without_auth" time="0.429" /><testcase classname="tests.test_regression_iteration31.TestSurferSEO" name="test_keyword_research_validation" time="0.414" /><testcase classname="tests.test_regression_iteration31.TestSurferSEO" name="test_audit_url_validation" time="0.379" /><testcase classname="tests.test_regression_iteration31.TestSurferSEO" name="test_content_planner_validation" time="0.381" /><testcase classname="tests.test_regression_iteration31.TestImageGeneration" name="test_start_image_generation" time="0.380" /><testcase classname="tests.test_regression_iteration31.TestImageGeneration" name="test_image_status_not_found" time="0.377" /><testcase classname="tests.test_regression_iteration31.TestImageGeneration" name="test_library_images" time="1.693" /><testcase classname="tests.test_regression_iteration31.TestArticleGeneration" name="test_start_article_generation" time="0.378" /><testcase classname="tests.test_regression_iteration31.TestArticleGeneration" name="test_generation_status_not_found" time="0.407" /><testcase classname="tests.test_regression_iteration31.TestAdminEndpoints" name="test_admin_list_users" time="0.381" /><testcase classname="tests.test_regression_iteration31.TestAdminEndpoints" name="test_admin_users_without_auth" time="0.453" /><testcase classname="tests.test_regression_iteration31.TestContentEndpoints" name="test_list_series" time="0.392" /><testcase classname="tests.test_regression_iteration31.TestContentEndpoints" name="test_list_calendars" time="0.398" /><testcase classname="tests.test_regression_iteration31.TestContentEndpoints" name="test_scheduled_articles" time="0.375" /><testcase classname="tests.test_regression_iteration31.TestSEOTools" name="test_subscription_plans" time="0.371" /><testcase classname="tests.test_regression_iteration31.TestSEOTools" name="test_subscription_status" time="0.420" /><testcase classname="tests.test_regression_iteration31.TestSEOTools" name="test_seo_audit_history" time="0.378" /><testcase classname="tests.test_regression_iteration31.TestSEOTools" name="test_newsletter_list" time="0.468" /><testcase classname="tests.test_regression_iteration31.TestAIFeatures" name="test_list_categories" time="0.373"><failure message="assert 404 == 200&#10; +  where 404 = &lt;Response [404]&gt;.status_code">tests/test_regression_iteration31.py:531: in test_list_categories
    assert response.status_code == 200
E   assert 404 == 200
E    +  where 404 = &lt;Response [404]&gt;.status_code</failure></testcase><testcase classname="tests.test_regression_iteration31.TestAIFeatures" name="test_bulk_delete_validation" time="0.390" /><testcase classname="tests.test_regression_iteration31.TestAIFeatures" name="test_bulk_category_validation" time="0.392" /></testsuite></testsuites>