<?xml version="1.0" encoding="utf-8"?><testsuites name="pytest tests"><testsuite name="pytest" errors="0" failures="0" skipped="0" tests="12" time="76.359" timestamp="2026-02-21T19:10:35.104715+00:00" hostname="agent-env-a031a4b8-b60d-4f46-bab2-b9105030aace"><testcase classname="backend.tests.test_wow_features.TestHealthAndAuth" name="test_api_health" time="11.731" /><testcase classname="backend.tests.test_wow_features.TestHealthAndAuth" name="test_admin_login" time="0.396" /><testcase classname="backend.tests.test_wow_features.TestAIChatAssistant" name="test_chat_requires_auth" time="0.130" /><testcase classname="backend.tests.test_wow_features.TestAIChatAssistant" name="test_chat_message_with_auth" time="2.229" /><testcase classname="backend.tests.test_wow_features.TestAIChatAssistant" name="test_chat_clear_session" time="0.483" /><testcase classname="backend.tests.test_wow_features.TestSEOAuditAsync" name="test_seo_audit_requires_auth" time="0.106" /><testcase classname="backend.tests.test_wow_features.TestSEOAuditAsync" name="test_seo_audit_starts_job" time="0.448" /><testcase classname="backend.tests.test_wow_features.TestSEOAuditAsync" name="test_seo_audit_status_polling" time="42.715" /><testcase classname="backend.tests.test_wow_features.TestSEOAuditAsync" name="test_seo_audit_history" time="0.510" /><testcase classname="backend.tests.test_wow_features.TestCompetitionAnalysisAsync" name="test_competition_requires_auth" time="0.110" /><testcase classname="backend.tests.test_wow_features.TestCompetitionAnalysisAsync" name="test_competition_starts_job" time="0.608" /><testcase classname="backend.tests.test_wow_features.TestCompetitionAnalysisAsync" name="test_competition_status_polling" time="16.838" /></testsuite></testsuites>