<?xml version="1.0" encoding="utf-8"?><testsuites name="pytest tests"><testsuite name="pytest" errors="0" failures="1" skipped="0" tests="13" time="56.232" timestamp="2026-04-02T11:54:48.847956+00:00" hostname="agent-env-42030381-8610-4a86-885e-2d0dee2fc5fb"><testcase classname="tests.test_seo_report_optimize_iteration34.TestSEOReportPDF" name="test_seo_report_returns_pdf" time="1.051" /><testcase classname="tests.test_seo_report_optimize_iteration34.TestSEOReportPDF" name="test_seo_report_has_content_disposition" time="0.119" /><testcase classname="tests.test_seo_report_optimize_iteration34.TestSEOReportPDF" name="test_seo_report_invalid_article_returns_404" time="0.128" /><testcase classname="tests.test_seo_report_optimize_iteration34.TestAutoOptimize" name="test_auto_optimize_starts_job" time="0.631" /><testcase classname="tests.test_seo_report_optimize_iteration34.TestAutoOptimize" name="test_auto_optimize_without_surfer_score_returns_400" time="0.324" /><testcase classname="tests.test_seo_report_optimize_iteration34.TestAutoOptimize" name="test_auto_optimize_invalid_article_returns_404" time="0.107" /><testcase classname="tests.test_seo_report_optimize_iteration34.TestAutoOptimize" name="test_optimize_status_returns_job_info" time="0.206" /><testcase classname="tests.test_seo_report_optimize_iteration34.TestAutoOptimize" name="test_optimize_status_invalid_job_returns_404" time="0.108" /><testcase classname="tests.test_seo_report_optimize_iteration34.TestAutoOptimize" name="test_optimize_job_completes_with_result" time="51.586"><failure message="Failed: Job failed: Unterminated string starting at: line 127 column 17 (char 32199)">tests/test_seo_report_optimize_iteration34.py:245: in test_optimize_job_completes_with_result
    pytest.fail(f"Job failed: {data.get('error', 'Unknown error')}")
E   Failed: Job failed: Unterminated string starting at: line 127 column 17 (char 32199)</failure></testcase><testcase classname="tests.test_seo_report_optimize_iteration34.TestApplyOptimization" name="test_apply_optimization_saves_version" time="0.651" /><testcase classname="tests.test_seo_report_optimize_iteration34.TestApplyOptimization" name="test_apply_optimization_without_data_returns_400" time="0.119" /><testcase classname="tests.test_seo_report_optimize_iteration34.TestApplyOptimization" name="test_apply_optimization_invalid_article_returns_404" time="0.114" /><testcase classname="tests.test_seo_report_optimize_iteration34.TestVersionSavedBeforeApply" name="test_version_created_on_apply" time="1.000" /></testsuite></testsuites>