<?xml version="1.0" encoding="utf-8"?><testsuites name="pytest tests"><testsuite name="pytest" errors="0" failures="0" skipped="0" tests="13" time="42.677" timestamp="2026-04-02T08:25:06.400836+00:00" hostname="agent-env-42030381-8610-4a86-885e-2d0dee2fc5fb"><testcase classname="tests.test_surfer_seo_phase2.TestSurferKeywordResearch" name="test_keyword_research_success" time="10.864" /><testcase classname="tests.test_surfer_seo_phase2.TestSurferKeywordResearch" name="test_keyword_research_missing_seed" time="0.127" /><testcase classname="tests.test_surfer_seo_phase2.TestSurferKeywordResearch" name="test_keyword_research_no_auth" time="0.123" /><testcase classname="tests.test_surfer_seo_phase2.TestSurferContentPlanner" name="test_content_planner_success" time="5.893" /><testcase classname="tests.test_surfer_seo_phase2.TestSurferContentPlanner" name="test_content_planner_missing_keywords" time="0.119" /><testcase classname="tests.test_surfer_seo_phase2.TestSurferContentPlanner" name="test_content_planner_empty_keywords" time="0.103" /><testcase classname="tests.test_surfer_seo_phase2.TestSurferAuditURL" name="test_audit_url_success" time="10.773" /><testcase classname="tests.test_surfer_seo_phase2.TestSurferAuditURL" name="test_audit_url_missing_url" time="0.161" /><testcase classname="tests.test_surfer_seo_phase2.TestSurferAsyncSERP" name="test_analyze_serp_async_start" time="0.090" /><testcase classname="tests.test_surfer_seo_phase2.TestSurferAsyncSERP" name="test_analyze_serp_status" time="0.190" /><testcase classname="tests.test_surfer_seo_phase2.TestSurferAsyncSERP" name="test_analyze_serp_status_invalid_job" time="0.128" /><testcase classname="tests.test_surfer_seo_phase2.TestSurferAsyncSERP" name="test_analyze_serp_async_missing_keyword" time="0.092" /><testcase classname="tests.test_surfer_seo_phase2.TestSurferSyncSERP" name="test_analyze_serp_sync" time="13.918" /></testsuite></testsuites>