<?xml version="1.0" encoding="utf-8"?><testsuites name="pytest tests"><testsuite name="pytest" errors="0" failures="0" skipped="0" tests="16" time="64.003" timestamp="2026-04-17T11:43:24.811974+00:00" hostname="agent-env-4286a0ff-8f84-4694-9898-7f8c1335e247"><testcase classname="tests.test_iteration37_bulk_webhook.TestWordPressWebhookTokenGeneration" name="test_generate_webhook_token" time="0.640" /><testcase classname="tests.test_iteration37_bulk_webhook.TestWordPressWebhookTokenGeneration" name="test_get_webhook_config" time="0.148" /><testcase classname="tests.test_iteration37_bulk_webhook.TestWordPressWebhookAuthentication" name="test_webhook_missing_token_returns_401" time="0.160" /><testcase classname="tests.test_iteration37_bulk_webhook.TestWordPressWebhookAuthentication" name="test_webhook_invalid_token_returns_403" time="0.129" /><testcase classname="tests.test_iteration37_bulk_webhook.TestWordPressWebhookAuthentication" name="test_webhook_valid_token_authenticates" time="0.259" /><testcase classname="tests.test_iteration37_bulk_webhook.TestWordPressWebhookEvents" name="test_post_published_event" time="0.386" /><testcase classname="tests.test_iteration37_bulk_webhook.TestWordPressWebhookEvents" name="test_traffic_stats_event" time="0.481" /><testcase classname="tests.test_iteration37_bulk_webhook.TestWordPressWebhookEvents" name="test_post_deleted_event" time="0.362" /><testcase classname="tests.test_iteration37_bulk_webhook.TestWordPressWebhookEventsHistory" name="test_list_webhook_events" time="0.139" /><testcase classname="tests.test_iteration37_bulk_webhook.TestWordPressArticleStats" name="test_get_article_wp_stats" time="0.177" /><testcase classname="tests.test_iteration37_bulk_webhook.TestWordPressArticleStats" name="test_get_article_wp_stats_not_found" time="0.121" /><testcase classname="tests.test_iteration37_bulk_webhook.TestBulkOptimize" name="test_bulk_optimize_start" time="0.118" /><testcase classname="tests.test_iteration37_bulk_webhook.TestBulkOptimize" name="test_bulk_optimize_status" time="0.216" /><testcase classname="tests.test_iteration37_bulk_webhook.TestBulkOptimize" name="test_bulk_optimize_status_not_found" time="0.104" /><testcase classname="tests.test_iteration37_bulk_webhook.TestBulkOptimize" name="test_bulk_optimize_progress_after_wait" time="60.362" /><testcase classname="tests.test_iteration37_bulk_webhook.TestROIDashboardBulkButton" name="test_roi_stats_includes_score_buckets" time="0.119" /></testsuite></testsuites>