<?xml version="1.0" encoding="utf-8"?><testsuites name="pytest tests"><testsuite name="pytest" errors="0" failures="2" skipped="0" tests="18" time="24.590" timestamp="2026-03-23T01:24:20.701292+00:00" hostname="agent-env-42030381-8610-4a86-885e-2d0dee2fc5fb"><testcase classname="backend.tests.test_new_features_iteration24.TestHealthEndpoints" name="test_health_endpoint" time="0.313"><failure message="requests.exceptions.JSONDecodeError: Expecting value: line 1 column 1 (char 0)">/root/.venv/lib/python3.11/site-packages/requests/models.py:976: in json
    return complexjson.loads(self.text, **kwargs)
           ^^^^^^^^^^^^^^^^^^^^^^^^^^^^^^^^^^^^^^
/usr/local/lib/python3.11/json/__init__.py:346: in loads
    return _default_decoder.decode(s)
           ^^^^^^^^^^^^^^^^^^^^^^^^^^
/usr/local/lib/python3.11/json/decoder.py:337: in decode
    obj, end = self.raw_decode(s, idx=_w(s, 0).end())
               ^^^^^^^^^^^^^^^^^^^^^^^^^^^^^^^^^^^^^^
/usr/local/lib/python3.11/json/decoder.py:355: in raw_decode
    raise JSONDecodeError("Expecting value", s, err.value) from None
E   json.decoder.JSONDecodeError: Expecting value: line 1 column 1 (char 0)

During handling of the above exception, another exception occurred:
backend/tests/test_new_features_iteration24.py:56: in test_health_endpoint
    data = response.json()
           ^^^^^^^^^^^^^^^
/root/.venv/lib/python3.11/site-packages/requests/models.py:980: in json
    raise RequestsJSONDecodeError(e.msg, e.doc, e.pos)
E   requests.exceptions.JSONDecodeError: Expecting value: line 1 column 1 (char 0)</failure></testcase><testcase classname="backend.tests.test_new_features_iteration24.TestHealthEndpoints" name="test_api_health_endpoint" time="0.119" /><testcase classname="backend.tests.test_new_features_iteration24.TestAutoCompetitionAnalysis" name="test_auto_analyze_requires_auth" time="0.119" /><testcase classname="backend.tests.test_new_features_iteration24.TestAutoCompetitionAnalysis" name="test_auto_analyze_invalid_article" time="0.480" /><testcase classname="backend.tests.test_new_features_iteration24.TestAutoCompetitionAnalysis" name="test_auto_analyze_returns_job_id" time="0.292" /><testcase classname="backend.tests.test_new_features_iteration24.TestAutoCompetitionAnalysis" name="test_auto_status_invalid_job" time="0.115" /><testcase classname="backend.tests.test_new_features_iteration24.TestAutoCompetitionAnalysis" name="test_auto_analyze_full_flow" time="10.853" /><testcase classname="backend.tests.test_new_features_iteration24.TestABTitleTesting" name="test_ab_title_requires_auth" time="0.107" /><testcase classname="backend.tests.test_new_features_iteration24.TestABTitleTesting" name="test_ab_title_invalid_article" time="0.129" /><testcase classname="backend.tests.test_new_features_iteration24.TestABTitleTesting" name="test_ab_title_returns_job_id" time="0.143" /><testcase classname="backend.tests.test_new_features_iteration24.TestABTitleTesting" name="test_ab_title_with_custom_variants" time="0.118" /><testcase classname="backend.tests.test_new_features_iteration24.TestABTitleTesting" name="test_ab_title_status_invalid_job" time="0.109" /><testcase classname="backend.tests.test_new_features_iteration24.TestABTitleTesting" name="test_ab_title_full_flow" time="10.796" /><testcase classname="backend.tests.test_new_features_iteration24.TestRegressionExistingFeatures" name="test_articles_list" time="0.221" /><testcase classname="backend.tests.test_new_features_iteration24.TestRegressionExistingFeatures" name="test_performance_dashboard" time="0.145"><failure message="AssertionError: assert ('total_articles' in {'articles': {'per_day': [{'count': 4, 'date': '10.03'}, {'count': 0, 'date': '11.03'}, {'count': 0, 'date': '12.03'}, {'count': 0, 'date': '13.03'}, {'count': 0, 'date': '14.03'}, {'count': 0, 'date': '15.03'}, ...], 'this_month': 30, 'this_week': 1, 'total': 40}, 'content': {'images': 31, 'newsletters': 2, 'wp_published': 0}, 'recent_articles': [{'created_at': '2026-03-22T22:08:51.320749+00:00', 'id': '396e2999-3bdb-4dfb-85dd-9c02232394f2', 'seo_score': {'breakdown': {'content_length': {'label': 'Długość treści (668 słów)', 'max': 8, 'score': 2}, 'faq': {'label': 'Sekcja FAQ', 'max': 8, 'score': 6}, 'formatting': {'label': 'Formatowanie treści', 'max': 8, 'score': 5}, 'freshness': {'label': 'Aktualność treści', 'max': 3, 'score': 3}, ...}, 'percentage': 78, 'recommendations': ['Dodaj linki w treści (wewnętrzne i zewnętrzne)', 'Meta tytuł: 64 znaków (zalecane 30-60)'], 'total_max': 104, ...}, 'title': 'Test generowania 2026 – szczegółowy przewodnik dla firm', ...}, {'created_at': '2026-03-10T08:21:29.581422+00:00', 'id': '2a170ecd-9401-4370-a980-076106b96d26', 'seo_score': {'breakdown': {'content_length': {'label': 'Długość treści (925 słów)', 'max': 10, 'score': 4}, 'faq': {'la....964954+00:00', 'id': '2fbfdbc8-08fa-4df0-b1f0-cf267bd630a9', 'seo_score': {'breakdown': {'content_length': {'label': 'Długość treści (873 słów)', 'max': 10, 'score': 4}, 'faq': {'label': 'Sekcja FAQ', 'max': 10, 'score': 6}, 'headings': {'label': 'Struktura nagłówków', 'max': 15, 'score': 15}, 'internal_links': {'label': 'Linkowanie wewnętrzne', 'max': 5, 'score': 5}, ...}, 'percentage': 90, 'recommendations': [], 'total_max': 100, ...}, 'title': 'KSeF 2026 – Kompleksowy przewodnik po nowym systemie e-faktur', ...}, {'created_at': '2026-03-10T01:53:46.450751+00:00', 'id': 'cd98a66d-1483-4152-b5db-fdc359ef40f2', 'seo_score': {'breakdown': {'content_length': {'label': 'Długość treści (731 słów)', 'max': 10, 'score': 4}, 'faq': {'label': 'Sekcja FAQ', 'max': 10, 'score': 8}, 'headings': {'label': 'Struktura nagłówków', 'max': 15, 'score': 15}, 'internal_links': {'label': 'Linkowanie wewnętrzne', 'max': 5, 'score': 5}, ...}, 'percentage': 87, 'recommendations': ['Meta opis nie zawiera słowa kluczowego głównego'], 'total_max': 100, ...}, 'title': 'Podatek liniowy 2026 – co warto wiedzieć o stawce liniowej PIT', ...}], 'seo': {'average': 73, 'high': 28, 'low': 6, 'max': 100, ...}, ...} or 'articles_per_day' in {'articles': {'per_day': [{'count': 4, 'date': '10.03'}, {'count': 0, 'date': '11.03'}, {'count': 0, 'date': '12.03'}, {'count': 0, 'date': '13.03'}, {'count': 0, 'date': '14.03'}, {'count': 0, 'date': '15.03'}, ...], 'this_month': 30, 'this_week': 1, 'total': 40}, 'content': {'images': 31, 'newsletters': 2, 'wp_published': 0}, 'recent_articles': [{'created_at': '2026-03-22T22:08:51.320749+00:00', 'id': '396e2999-3bdb-4dfb-85dd-9c02232394f2', 'seo_score': {'breakdown': {'content_length': {'label': 'Długość treści (668 słów)', 'max': 8, 'score': 2}, 'faq': {'label': 'Sekcja FAQ', 'max': 8, 'score': 6}, 'formatting': {'label': 'Formatowanie treści', 'max': 8, 'score': 5}, 'freshness': {'label': 'Aktualność treści', 'max': 3, 'score': 3}, ...}, 'percentage': 78, 'recommendations': ['Dodaj linki w treści (wewnętrzne i zewnętrzne)', 'Meta tytuł: 64 znaków (zalecane 30-60)'], 'total_max': 104, ...}, 'title': 'Test generowania 2026 – szczegółowy przewodnik dla firm', ...}, {'created_at': '2026-03-10T08:21:29.581422+00:00', 'id': '2a170ecd-9401-4370-a980-076106b96d26', 'seo_score': {'breakdown': {'content_length': {'label': 'Długość treści (925 słów)', 'max': 10, 'score': 4}, 'faq': {'la....964954+00:00', 'id': '2fbfdbc8-08fa-4df0-b1f0-cf267bd630a9', 'seo_score': {'breakdown': {'content_length': {'label': 'Długość treści (873 słów)', 'max': 10, 'score': 4}, 'faq': {'label': 'Sekcja FAQ', 'max': 10, 'score': 6}, 'headings': {'label': 'Struktura nagłówków', 'max': 15, 'score': 15}, 'internal_links': {'label': 'Linkowanie wewnętrzne', 'max': 5, 'score': 5}, ...}, 'percentage': 90, 'recommendations': [], 'total_max': 100, ...}, 'title': 'KSeF 2026 – Kompleksowy przewodnik po nowym systemie e-faktur', ...}, {'created_at': '2026-03-10T01:53:46.450751+00:00', 'id': 'cd98a66d-1483-4152-b5db-fdc359ef40f2', 'seo_score': {'breakdown': {'content_length': {'label': 'Długość treści (731 słów)', 'max': 10, 'score': 4}, 'faq': {'label': 'Sekcja FAQ', 'max': 10, 'score': 8}, 'headings': {'label': 'Struktura nagłówków', 'max': 15, 'score': 15}, 'internal_links': {'label': 'Linkowanie wewnętrzne', 'max': 5, 'score': 5}, ...}, 'percentage': 87, 'recommendations': ['Meta opis nie zawiera słowa kluczowego głównego'], 'total_max': 100, ...}, 'title': 'Podatek liniowy 2026 – co warto wiedzieć o stawce liniowej PIT', ...}], 'seo': {'average': 73, 'high': 28, 'low': 6, 'max': 100, ...}, ...})">backend/tests/test_new_features_iteration24.py:290: in test_performance_dashboard
    assert "total_articles" in data or "articles_per_day" in data
E   AssertionError: assert ('total_articles' in {'articles': {'per_day': [{'count': 4, 'date': '10.03'}, {'count': 0, 'date': '11.03'}, {'count': 0, 'date': '12.03'}, {'count': 0, 'date': '13.03'}, {'count': 0, 'date': '14.03'}, {'count': 0, 'date': '15.03'}, ...], 'this_month': 30, 'this_week': 1, 'total': 40}, 'content': {'images': 31, 'newsletters': 2, 'wp_published': 0}, 'recent_articles': [{'created_at': '2026-03-22T22:08:51.320749+00:00', 'id': '396e2999-3bdb-4dfb-85dd-9c02232394f2', 'seo_score': {'breakdown': {'content_length': {'label': 'Długość treści (668 słów)', 'max': 8, 'score': 2}, 'faq': {'label': 'Sekcja FAQ', 'max': 8, 'score': 6}, 'formatting': {'label': 'Formatowanie treści', 'max': 8, 'score': 5}, 'freshness': {'label': 'Aktualność treści', 'max': 3, 'score': 3}, ...}, 'percentage': 78, 'recommendations': ['Dodaj linki w treści (wewnętrzne i zewnętrzne)', 'Meta tytuł: 64 znaków (zalecane 30-60)'], 'total_max': 104, ...}, 'title': 'Test generowania 2026 – szczegółowy przewodnik dla firm', ...}, {'created_at': '2026-03-10T08:21:29.581422+00:00', 'id': '2a170ecd-9401-4370-a980-076106b96d26', 'seo_score': {'breakdown': {'content_length': {'label': 'Długość treści (925 słów)', 'max': 10, 'score': 4}, 'faq': {'la....964954+00:00', 'id': '2fbfdbc8-08fa-4df0-b1f0-cf267bd630a9', 'seo_score': {'breakdown': {'content_length': {'label': 'Długość treści (873 słów)', 'max': 10, 'score': 4}, 'faq': {'label': 'Sekcja FAQ', 'max': 10, 'score': 6}, 'headings': {'label': 'Struktura nagłówków', 'max': 15, 'score': 15}, 'internal_links': {'label': 'Linkowanie wewnętrzne', 'max': 5, 'score': 5}, ...}, 'percentage': 90, 'recommendations': [], 'total_max': 100, ...}, 'title': 'KSeF 2026 – Kompleksowy przewodnik po nowym systemie e-faktur', ...}, {'created_at': '2026-03-10T01:53:46.450751+00:00', 'id': 'cd98a66d-1483-4152-b5db-fdc359ef40f2', 'seo_score': {'breakdown': {'content_length': {'label': 'Długość treści (731 słów)', 'max': 10, 'score': 4}, 'faq': {'label': 'Sekcja FAQ', 'max': 10, 'score': 8}, 'headings': {'label': 'Struktura nagłówków', 'max': 15, 'score': 15}, 'internal_links': {'label': 'Linkowanie wewnętrzne', 'max': 5, 'score': 5}, ...}, 'percentage': 87, 'recommendations': ['Meta opis nie zawiera słowa kluczowego głównego'], 'total_max': 100, ...}, 'title': 'Podatek liniowy 2026 – co warto wiedzieć o stawce liniowej PIT', ...}], 'seo': {'average': 73, 'high': 28, 'low': 6, 'max': 100, ...}, ...} or 'articles_per_day' in {'articles': {'per_day': [{'count': 4, 'date': '10.03'}, {'count': 0, 'date': '11.03'}, {'count': 0, 'date': '12.03'}, {'count': 0, 'date': '13.03'}, {'count': 0, 'date': '14.03'}, {'count': 0, 'date': '15.03'}, ...], 'this_month': 30, 'this_week': 1, 'total': 40}, 'content': {'images': 31, 'newsletters': 2, 'wp_published': 0}, 'recent_articles': [{'created_at': '2026-03-22T22:08:51.320749+00:00', 'id': '396e2999-3bdb-4dfb-85dd-9c02232394f2', 'seo_score': {'breakdown': {'content_length': {'label': 'Długość treści (668 słów)', 'max': 8, 'score': 2}, 'faq': {'label': 'Sekcja FAQ', 'max': 8, 'score': 6}, 'formatting': {'label': 'Formatowanie treści', 'max': 8, 'score': 5}, 'freshness': {'label': 'Aktualność treści', 'max': 3, 'score': 3}, ...}, 'percentage': 78, 'recommendations': ['Dodaj linki w treści (wewnętrzne i zewnętrzne)', 'Meta tytuł: 64 znaków (zalecane 30-60)'], 'total_max': 104, ...}, 'title': 'Test generowania 2026 – szczegółowy przewodnik dla firm', ...}, {'created_at': '2026-03-10T08:21:29.581422+00:00', 'id': '2a170ecd-9401-4370-a980-076106b96d26', 'seo_score': {'breakdown': {'content_length': {'label': 'Długość treści (925 słów)', 'max': 10, 'score': 4}, 'faq': {'la....964954+00:00', 'id': '2fbfdbc8-08fa-4df0-b1f0-cf267bd630a9', 'seo_score': {'breakdown': {'content_length': {'label': 'Długość treści (873 słów)', 'max': 10, 'score': 4}, 'faq': {'label': 'Sekcja FAQ', 'max': 10, 'score': 6}, 'headings': {'label': 'Struktura nagłówków', 'max': 15, 'score': 15}, 'internal_links': {'label': 'Linkowanie wewnętrzne', 'max': 5, 'score': 5}, ...}, 'percentage': 90, 'recommendations': [], 'total_max': 100, ...}, 'title': 'KSeF 2026 – Kompleksowy przewodnik po nowym systemie e-faktur', ...}, {'created_at': '2026-03-10T01:53:46.450751+00:00', 'id': 'cd98a66d-1483-4152-b5db-fdc359ef40f2', 'seo_score': {'breakdown': {'content_length': {'label': 'Długość treści (731 słów)', 'max': 10, 'score': 4}, 'faq': {'label': 'Sekcja FAQ', 'max': 10, 'score': 8}, 'headings': {'label': 'Struktura nagłówków', 'max': 15, 'score': 15}, 'internal_links': {'label': 'Linkowanie wewnętrzne', 'max': 5, 'score': 5}, ...}, 'percentage': 87, 'recommendations': ['Meta opis nie zawiera słowa kluczowego głównego'], 'total_max': 100, ...}, 'title': 'Podatek liniowy 2026 – co warto wiedzieć o stawce liniowej PIT', ...}], 'seo': {'average': 73, 'high': 28, 'low': 6, 'max': 100, ...}, ...})</failure></testcase><testcase classname="backend.tests.test_new_features_iteration24.TestRegressionExistingFeatures" name="test_ai_suggestions_endpoint" time="0.120" /><testcase classname="backend.tests.test_new_features_iteration24.TestRegressionExistingFeatures" name="test_plagiarism_check_endpoint" time="0.128" /><testcase classname="backend.tests.test_new_features_iteration24.TestRegressionExistingFeatures" name="test_verify_check_endpoint" time="0.161" /></testsuite></testsuites>