<?xml version="1.0" encoding="utf-8"?><testsuites name="pytest tests"><testsuite name="pytest" errors="0" failures="0" skipped="1" tests="11" time="108.475" timestamp="2026-04-17T12:53:08.078962+00:00" hostname="agent-env-4286a0ff-8f84-4694-9898-7f8c1335e247"><testcase classname="backend.tests.test_auto_optimize_generation.TestAutoOptimizeGeneration" name="test_generate_article_returns_job_id" time="0.425" /><testcase classname="backend.tests.test_auto_optimize_generation.TestAutoOptimizeGeneration" name="test_status_endpoint_structure_during_generation" time="30.931" /><testcase classname="backend.tests.test_auto_optimize_generation.TestAutoOptimizeGeneration" name="test_optimization_iterations_structure" time="73.699" /><testcase classname="backend.tests.test_auto_optimize_generation.TestAutoOptimizeGeneration" name="test_stale_job_timeout_extended_for_optimization" time="0.407" /><testcase classname="backend.tests.test_auto_optimize_generation.TestAutoOptimizeGeneration" name="test_version_saved_with_auto_generate_optimize_source" time="0.371"><skipped type="pytest.skip" message="No article_id from previous test">/app/backend/tests/test_auto_optimize_generation.py:178: No article_id from previous test</skipped></testcase><testcase classname="backend.tests.test_auto_optimize_generation.TestAutoOptimizeGeneration" name="test_cleanup_test_article" time="0.342" /><testcase classname="backend.tests.test_auto_optimize_generation.TestStatusEndpointFields" name="test_status_endpoint_returns_404_for_invalid_job" time="0.441" /><testcase classname="backend.tests.test_auto_optimize_generation.TestStatusEndpointFields" name="test_status_endpoint_requires_auth" time="0.471" /><testcase classname="backend.tests.test_auto_optimize_generation.TestGenerateEndpointValidation" name="test_generate_requires_topic" time="0.426" /><testcase classname="backend.tests.test_auto_optimize_generation.TestGenerateEndpointValidation" name="test_generate_requires_primary_keyword" time="0.423" /><testcase classname="backend.tests.test_auto_optimize_generation.TestGenerateEndpointValidation" name="test_generate_requires_auth" time="0.487" /></testsuite></testsuites>